<?xml version="1.0" encoding="UTF-8"?>
<!-- Generated by org.testng.reporters.JUnitReportReporter -->
<testsuite hostname="LAPTOP-IK8VGAHU" failures="0" tests="3" name="tests.Login" time="19.951" errors="0" timestamp="4 Mar 2023 10:37:51 GMT">
  <testcase classname="tests.Login" name="loginTest" time="9.234"/>
  <testcase classname="tests.Login" name="loginTest" time="5.794"/>
  <testcase classname="tests.Login" name="loginTest" time="4.923"/>
</testsuite> <!-- tests.Login -->
